************************************************** 

************************************************** 

{'passphrase': 'frost sting panda divide neglect old inject aspect era rate echo suit cabin ring expire stairs denial attitude frown wish quick describe park absent blind', 'private_key': '63r1Pv8DSmiCbg1iiuyLkO0P6A5K1NOpA7vI31fuCLR+WJm9fxZbTTVaLgGPPtelJFboGJPvVTp4xCT2OkqVIQ==', 'address': 'PZMJTPL7CZNU2NK2FYAY6PWXUUSFN2AYSPXVKOTYYQSPMOSKSUQT3O3SGQ'} 

************************************************** 

************************************************** 

************************************************** 

{'passphrase': 'gallery news mom sister happy mimic garbage wrong shadow dynamic ceiling door goose stereo milk recycle liquid vast soda long sample camp panda absent return', 'private_key': '+EqlHZl8NDPyq/4mNtFJFkQyVpPxsxJsfJw9iF+D7LOHLK555pXt5kprgUsJpHkhyPCL5l6gnVL2/uKcv86rGw==', 'address': 'Q4WK46PGSXW6MSTLQFFQTJDZEHEPBC7GL2QJ2UXW73RJZP6OVMN3MLEKUY'} 

************************************************** 

Decoded note: Hello World 

************************************************** 

************************************************** 

{'passphrase': 'finger six weapon exile lizard wall humor stomach genuine excuse curtain cruel relax vivid kick poem honey practice size bomb sheriff sock believe ability argue', 'private_key': 't3Ky8PtkwdrjLdYKw1NsSIPa1EcPp2lb6pOTwWI4lyKddXNgSsFPU5qWMP/fYh6AeNsqsDAaF+sRO+vMBjxlQg==', 'address': 'TV2XGYCKYFHVHGUWGD756YQ6QB4NWKVQGANBP2YRHPV4YBR4MVBP2PVAYU'} 

************************************************** 

Decoded note: Hello World 

Starting Account balance: 100000 microAlgos 

Amount transfered: 100000 microAlgos 

Fee: 1000 microAlgos 

Final Account balance: 100000 microAlgos
 


 

************************************************** 

************************************************** 

{'passphrase': 'ladder heavy excite asset chunk earn index merge injury tip century domain home purity employ ensure quick million survey neglect peasant desk smart ability giggle', 'private_key': '45uandpQFBVZbouho/hKDoQ2uR5JS30tY7VBGdHvkDlohrpGcGFyYPg2A+GsTSrk4q1VJiKEx2h4OxsOeprIaQ==', 'address': 'NCDLURTQMFZGB6BWAPQ2YTJK4TRK2VJGEKCMO2DYHMNQ46U2ZBUXKU7EJA'} 

************************************************** 

Decoded note: Hello World 

Starting Account balance: 100000 microAlgos 

Amount transfered: 100000 microAlgos 

Fee: 1000 microAlgos 

Final Account balance: 100000 microAlgos
 


 

************************************************** 

************************************************** 

{'passphrase': 'balance balcony spread water decline twelve sail butter liquid test achieve render catalog control burst convince hood common sphere nominee still soft exhaust abandon student', 'private_key': 'jXAEpn1/HKzHVx8S5LcDYPuRvdiDL2qby6Jf6Wo57wmH91lmgqz/o/2AHm2sLqnbQ5tC1mt1KNIYbMnLJqjOGQ==', 'address': 'Q73VSZUCVT72H7MADZW2YLVJ3NBZWQWWNN2SRUQYNTE4WJVIZYMR3ESL4A'} 

************************************************** 

Decoded note: Hello World 

Starting Account balance: 100000 microAlgos 

Amount transfered: 100000 microAlgos 

Fee: 1000 microAlgos 

Final Account balance: 100000 microAlgos
 


 

